* using log directory ‘/Users/evanbiederstedt/ggrastr/..Rcheck’
* using R version 4.0.2 (2020-06-22)
* using platform: x86_64-apple-darwin17.0 (64-bit)
* using session charset: UTF-8
* using option ‘--as-cran’
* checking for file ‘./DESCRIPTION’ ... OK
* checking extension type ... Package
* this is package ‘ggrastr’ version ‘0.1.9’
* package encoding: UTF-8
* checking CRAN incoming feasibility ... WARNING
Maintainer: ‘Evan Biederstedt <evan.biederstedt@gmail.com>’

Insufficient package version (submitted: 0.1.9, existing: 0.1.9)

Package has a VignetteBuilder field but no prebuilt vignette index.

The build time stamp is missing.
* checking package namespace information ... OK
* checking package dependencies ... OK
* checking if this is a source package ... OK
* checking if there is a namespace ... OK
* checking for executable files ... WARNING
Found the following executable files:
  .git/objects/13/b1885718db7d34532d8073924f496b2487bf08
  .git/objects/15/3ae9cd48194ebda9b94ed3785f055c63332e93
  .git/objects/49/4b4aac50a1dde634d3cf3ada66a03db52057d8
  .git/objects/83/ec1f9ad59135bbc8c38b2010367add3b9e9729
  .git/objects/c5/905bd1bd1ba1bececd40310a0b42bc6bc80874
  .git/objects/d5/6681991a6f016db72d7709b7d2cb51ccf9f092
  .git/objects/da/b004430eb32d7cc42c7a456e1f0ec10abe0eba
  .git/objects/fd/4dd7212b0e59c032ff83f8c63d1e32b6262ff9
Source packages should not contain undeclared executable files.
See section ‘Package structure’ in the ‘Writing R Extensions’ manual.
* checking for hidden files and directories ... NOTE
Found the following hidden files and directories:
  .DS_Store
  .gitignore
  .travis.yml
  ..Rcheck
  .git
These were most likely included in error. See section ‘Package
structure’ in the ‘Writing R Extensions’ manual.

CRAN-pack does not know about
  .DS_Store
  .travis.yml
  ..Rcheck
  .git
* checking for portable file names ... OK
* checking for sufficient/correct file permissions ... OK
* checking serialization versions ... OK
* checking whether package ‘ggrastr’ can be installed ... OK
* checking installed package size ... OK
* checking package directory ... OK
* checking for future file timestamps ... OK
* checking DESCRIPTION meta-information ... NOTE
Checking should be performed on sources prepared by ‘R CMD build’.
* checking top-level files ... NOTE
Non-standard files/directories found at top level:
  ‘CHANGELOG.md’ ‘LICENSE.md’ ‘Meta’ ‘doc’ ‘ggrastr.Rproj’
  ‘ggrastr_0.1.9.tar.gz’
* checking for left-over files ... OK
* checking index information ... OK
* checking package subdirectories ... WARNING
Found the following directory with the name of a check directory:
  ./..Rcheck
Most likely, these were included erroneously.
Found the following directory with the name of a version control directory:
  ./.git
These should not be in a package tarball.
* checking R files for non-ASCII characters ... OK
* checking R files for syntax errors ... OK
* checking whether the package can be loaded ... OK
* checking whether the package can be loaded with stated dependencies ... OK
* checking whether the package can be unloaded cleanly ... OK
* checking whether the namespace can be loaded with stated dependencies ... OK
* checking whether the namespace can be unloaded cleanly ... OK
* checking use of S3 registration ... OK
* checking dependencies in R code ... OK
* checking S3 generic/method consistency ... OK
* checking replacement functions ... OK
* checking foreign function calls ... OK
* checking R code for possible problems ... OK
* checking Rd files ... OK
* checking Rd metadata ... OK
* checking Rd line widths ... OK
* checking Rd cross-references ... OK
* checking for missing documentation entries ... OK
* checking for code/documentation mismatches ... OK
* checking Rd \usage sections ... OK
* checking Rd contents ... OK
* checking for unstated dependencies in examples ... OK
* checking files in ‘vignettes’ ... WARNING
Files in the 'vignettes' directory but no files in 'inst/doc':
  ‘Raster_geoms.Rmd’, ‘ggvec_50000_plot.png’
* checking examples ... OK
* checking for unstated dependencies in vignettes ... OK
* checking package vignettes in ‘inst/doc’ ... WARNING
dir.exists(dir) is not TRUE
Package vignette without corresponding single PDF/HTML:
   ‘Raster_geoms.Rmd’

* checking re-building of vignette outputs ... OK
* checking PDF version of manual ... WARNING
LaTeX errors when creating PDF version.
This typically indicates Rd problems.
* checking PDF version of manual without hyperrefs or index ... ERROR
Re-running with no redirection of stdout/stderr.
* checking for non-standard things in the check directory ... NOTE
Found the following files/directories:
  ‘ggrastr-manual.tex’
* checking for detritus in the temp directory ... OK
* DONE
Status: 1 ERROR, 6 WARNINGs, 4 NOTEs
