Hmm ... looks like a package

This is pdfTeX, Version 3.14159265-2.6-1.40.17 (TeX Live 2016) (preloaded format=pdflatex)
 restricted \write18 enabled.
entering extended mode

(/private/var/folders/t7/qvfkrtw91jl5v0sx7smfs1400000gn/T/RtmpJsSUJV/Rd2pdf1189
a52835db9/Rd2.tex
LaTeX2e <2016/03/31>
Babel <3.9r> and hyphenation patterns for 83 language(s) loaded.

(/usr/local/texlive/2016/texmf-dist/tex/latex/base/book.cls
Document Class: book 2014/09/29 v1.4h Standard LaTeX document class
(/usr/local/texlive/2016/texmf-dist/tex/latex/base/bk10.clo))
(/usr/local/Cellar/r/4.0.0_1/lib/R/share/texmf/tex/latex/Rd.sty
(/usr/local/texlive/2016/texmf-dist/tex/latex/base/ifthen.sty)
(/usr/local/texlive/2016/texmf-dist/tex/latex/tools/longtable.sty)
(/usr/local/texlive/2016/texmf-dist/tex/latex/tools/bm.sty)
(/usr/local/texlive/2016/texmf-dist/tex/latex/base/alltt.sty)
(/usr/local/texlive/2016/texmf-dist/tex/latex/tools/verbatim.sty)
(/usr/local/texlive/2016/texmf-dist/tex/latex/url/url.sty)
(/usr/local/texlive/2016/texmf-dist/tex/latex/base/textcomp.sty
(/usr/local/texlive/2016/texmf-dist/tex/latex/base/ts1enc.def))
(/usr/local/texlive/2016/texmf-dist/tex/latex/base/fontenc.sty
(/usr/local/texlive/2016/texmf-dist/tex/latex/base/t1enc.def))
(/usr/local/texlive/2016/texmf-dist/tex/latex/psnfss/times.sty)
(/usr/local/texlive/2016/texmf-dist/tex/latex/inconsolata/zi4.sty
`inconsolata-zi4' v1.10, 2016/02/22 Text macros for Inconsolata (msharpe)
(/usr/local/texlive/2016/texmf-dist/tex/latex/graphics/keyval.sty))
(/usr/local/texlive/2016/texmf-dist/tex/latex/graphics/color.sty
(/usr/local/texlive/2016/texmf-dist/tex/latex/graphics-cfg/color.cfg)
(/usr/local/texlive/2016/texmf-dist/tex/latex/pdftex-def/pdftex.def
(/usr/local/texlive/2016/texmf-dist/tex/generic/oberdiek/infwarerr.sty)
(/usr/local/texlive/2016/texmf-dist/tex/generic/oberdiek/ltxcmds.sty)))
(/usr/local/texlive/2016/texmf-dist/tex/latex/hyperref/hyperref.sty
(/usr/local/texlive/2016/texmf-dist/tex/generic/oberdiek/hobsub-hyperref.sty
(/usr/local/texlive/2016/texmf-dist/tex/generic/oberdiek/hobsub-generic.sty))
(/usr/local/texlive/2016/texmf-dist/tex/generic/ifxetex/ifxetex.sty)
(/usr/local/texlive/2016/texmf-dist/tex/latex/oberdiek/auxhook.sty)
(/usr/local/texlive/2016/texmf-dist/tex/latex/oberdiek/kvoptions.sty)
(/usr/local/texlive/2016/texmf-dist/tex/latex/hyperref/pd1enc.def)
(/usr/local/texlive/2016/texmf-dist/tex/latex/latexconfig/hyperref.cfg))

Package hyperref Message: Driver (autodetected): hpdftex.

(/usr/local/texlive/2016/texmf-dist/tex/latex/hyperref/hpdftex.def
(/usr/local/texlive/2016/texmf-dist/tex/latex/oberdiek/rerunfilecheck.sty))

Package hyperref Warning: Option `hyperindex' has already been used,
(hyperref)                setting the option has no effect on input line 377.


Package hyperref Warning: Option `pagebackref' has already been used,
(hyperref)                setting the option has no effect on input line 377.

) (/usr/local/texlive/2016/texmf-dist/tex/latex/base/makeidx.sty)
(/usr/local/texlive/2016/texmf-dist/tex/latex/base/inputenc.sty
(/usr/local/texlive/2016/texmf-dist/tex/latex/base/utf8.def
(/usr/local/texlive/2016/texmf-dist/tex/latex/base/t1enc.dfu)
(/usr/local/texlive/2016/texmf-dist/tex/latex/base/ot1enc.dfu)
(/usr/local/texlive/2016/texmf-dist/tex/latex/base/omsenc.dfu)
(/usr/local/texlive/2016/texmf-dist/tex/latex/base/ts1enc.dfu)))
Writing index file Rd2.idx
No file Rd2.aux.
(/usr/local/texlive/2016/texmf-dist/tex/latex/base/ts1cmr.fd)
(/usr/local/texlive/2016/texmf-dist/tex/latex/psnfss/t1ptm.fd)
(/usr/local/texlive/2016/texmf-dist/tex/context/base/mkii/supp-pdf.mkii
[Loading MPS to PDF converter (version 2006.09.02).]
) (/usr/local/texlive/2016/texmf-dist/tex/latex/hyperref/nameref.sty
(/usr/local/texlive/2016/texmf-dist/tex/generic/oberdiek/gettitlestring.sty))
(/usr/local/texlive/2016/texmf-dist/tex/latex/base/utf8.def)
(/usr/local/texlive/2016/texmf-dist/tex/latex/psnfss/ts1ptm.fd)
(/usr/local/texlive/2016/texmf-dist/tex/latex/inconsolata/t1zi4.fd)
(/usr/local/texlive/2016/texmf-dist/tex/latex/psnfss/t1phv.fd)
(/usr/local/texlive/2016/texmf-dist/tex/latex/base/utf8.def) [1{/usr/local/texl
ive/2016/texmf-var/fonts/map/pdftex/updmap/pdftex.map}]
Overfull \hbox (17.18878pt too wide) in paragraph at lines 67--71
[]\T1/ptm/m/n/10 Set of aes-thetic map-pings cre-ated by [][]\T1/zi4/m/n/10 aes
()[][][] \T1/ptm/m/n/10 or [][]\T1/zi4/m/n/10 aes_()[][][]\T1/ptm/m/n/10 . If s
pec-i-fied and \T1/zi4/m/n/10 inherit.aes

Overfull \hbox (4.73708pt too wide) in paragraph at lines 99--100
\T1/ptm/m/n/10 quires that one of the aes-thet-ics is a fac-tor. (see gg-beeswa
rm::position_beeswarm) 
[2]
Overfull \hbox (20.58096pt too wide) in paragraph at lines 133--133
 []\T1/zi4/m/n/9 ggplot(mtcars) + geom_beeswarm_rast(aes(x = factor(cyl), y = m
pg), raster.dpi = 600, cex = 1.5)[] 
(/usr/local/texlive/2016/texmf-dist/tex/latex/base/utf8.def)
Overfull \hbox (17.18878pt too wide) in paragraph at lines 167--171
[]\T1/ptm/m/n/10 Set of aes-thetic map-pings cre-ated by [][]\T1/zi4/m/n/10 aes
()[][][] \T1/ptm/m/n/10 or [][]\T1/zi4/m/n/10 aes_()[][][]\T1/ptm/m/n/10 . If s
pec-i-fied and \T1/zi4/m/n/10 inherit.aes
[3]
Overfull \hbox (9.52937pt too wide) in paragraph at lines 187--189
[]\T1/ptm/m/n/10 Use to over-ride the de-fault con-nec-tion be-tween \T1/zi4/m/
n/10 geom_boxplot \T1/ptm/m/n/10 and \T1/zi4/m/n/10 stat_boxplot\T1/ptm/m/n/10 
. 
[4]
Overfull \hbox (46.68094pt too wide) in paragraph at lines 262--262
 []\T1/zi4/m/n/9 ggplot() + geom_boxplot_jitter(aes(y=yvalues, x=xvalues), outl
ier.jitter.width = 0.1, raster = TRUE)[] 
(/usr/local/texlive/2016/texmf-dist/tex/latex/base/utf8.def)
Overfull \hbox (17.18878pt too wide) in paragraph at lines 293--297
[]\T1/ptm/m/n/10 Set of aes-thetic map-pings cre-ated by [][]\T1/zi4/m/n/10 aes
()[][][] \T1/ptm/m/n/10 or [][]\T1/zi4/m/n/10 aes_()[][][]\T1/ptm/m/n/10 . If s
pec-i-fied and \T1/zi4/m/n/10 inherit.aes
[5] [6] (/usr/local/texlive/2016/texmf-dist/tex/latex/base/utf8.def)
Overfull \hbox (17.18878pt too wide) in paragraph at lines 411--415
[]\T1/ptm/m/n/10 Set of aes-thetic map-pings cre-ated by [][]\T1/zi4/m/n/10 aes
()[][][] \T1/ptm/m/n/10 or [][]\T1/zi4/m/n/10 aes_()[][][]\T1/ptm/m/n/10 . If s
pec-i-fied and \T1/zi4/m/n/10 inherit.aes
[7] [8] (/usr/local/texlive/2016/texmf-dist/tex/latex/base/utf8.def)
Overfull \hbox (17.18878pt too wide) in paragraph at lines 537--541
[]\T1/ptm/m/n/10 Set of aes-thetic map-pings cre-ated by [][]\T1/zi4/m/n/10 aes
()[][][] \T1/ptm/m/n/10 or [][]\T1/zi4/m/n/10 aes_()[][][]\T1/ptm/m/n/10 . If s
pec-i-fied and \T1/zi4/m/n/10 inherit.aes
[9] (/usr/local/texlive/2016/texmf-dist/tex/latex/base/utf8.def) [10]
Overfull \hbox (25.08093pt too wide) in paragraph at lines 652--652
 []\T1/zi4/m/n/9 ggplot() + geom_point(aes(x=data, y=data, color=colors)) + the
me_pdf(FALSE, legend.pos=c(1, 1))[] 
No file Rd2.ind.
[11] (./Rd2.aux)

Package rerunfilecheck Warning: File `Rd2.out' has changed.
(rerunfilecheck)                Rerun to get outlines right
(rerunfilecheck)                or use package `bookmark'.

 )
(see the transcript file for additional information)pdfTeX warning (dest): name
{Rfn.geom.Rul.tile} has been referenced but does not exist, replaced by a fixed
 one

pdfTeX warning (dest): name{Rfn.coord.Rul.flip} has been referenced but does no
t exist, replaced by a fixed one

pdfTeX warning (dest): name{Rfn.geom.Rul.quasirandom} has been referenced but d
oes not exist, replaced by a fixed one

pdfTeX warning (dest): name{Rfn.geom.Rul.point} has been referenced but does no
t exist, replaced by a fixed one

pdfTeX warning (dest): name{Rfn.geom.Rul.boxplot} has been referenced but does 
not exist, replaced by a fixed one

pdfTeX warning (dest): name{Rfn.borders\(\)} has been referenced but does not e
xist, replaced by a fixed one

pdfTeX warning (dest): name{Rfn.layer\(\)} has been referenced but does not exi
st, replaced by a fixed one

pdfTeX warning (dest): name{Rfn.fortify\(\)} has been referenced but does not e
xist, replaced by a fixed one

pdfTeX warning (dest): name{Rfn.ggplot\(\)} has been referenced but does not ex
ist, replaced by a fixed one

pdfTeX warning (dest): name{Rfn.aes.Rul.\(\)} has been referenced but does not 
exist, replaced by a fixed one

pdfTeX warning (dest): name{Rfn.aes\(\)} has been referenced but does not exist
, replaced by a fixed one

pdfTeX warning (dest): name{Rfn.geom.Rul.beeswarm} has been referenced but does
 not exist, replaced by a fixed one

{/usr/local/texlive/2016/texmf-dist/fonts/enc/dvips/base/8r.enc}{/usr/local/tex
live/2016/texmf-dist/fonts/enc/dvips/inconsolata/i4-t1-0.enc}</usr/local/texliv
e/2016/texmf-dist/fonts/type1/public/inconsolata/Inconsolata-zi4r.pfb></usr/loc
al/texlive/2016/texmf-dist/fonts/type1/urw/helvetic/uhvr8a.pfb></usr/local/texl
ive/2016/texmf-dist/fonts/type1/urw/times/utmb8a.pfb></usr/local/texlive/2016/t
exmf-dist/fonts/type1/urw/times/utmbi8a.pfb></usr/local/texlive/2016/texmf-dist
/fonts/type1/urw/times/utmr8a.pfb></usr/local/texlive/2016/texmf-dist/fonts/typ
e1/urw/times/utmr8a.pfb></usr/local/texlive/2016/texmf-dist/fonts/type1/urw/tim
es/utmri8a.pfb>
Output written on Rd2.pdf (11 pages, 106107 bytes).
Transcript written on Rd2.log.
This is makeindex, version 2.15 [TeX Live 2016] (kpathsea + Thai support).
Scanning input file ./Rd2.idx....done (47 entries accepted, 0 rejected).
Sorting entries....done (288 comparisons).
Generating output file ./Rd2.ind....done (59 lines written, 0 warnings).
Output written in ./Rd2.ind.
Transcript written in ./Rd2.ilg.
This is pdfTeX, Version 3.14159265-2.6-1.40.17 (TeX Live 2016) (preloaded format=pdflatex)
 restricted \write18 enabled.
entering extended mode

(/private/var/folders/t7/qvfkrtw91jl5v0sx7smfs1400000gn/T/RtmpJsSUJV/Rd2pdf1189
a52835db9/Rd2.tex
LaTeX2e <2016/03/31>
Babel <3.9r> and hyphenation patterns for 83 language(s) loaded.

(/usr/local/texlive/2016/texmf-dist/tex/latex/base/book.cls
Document Class: book 2014/09/29 v1.4h Standard LaTeX document class
(/usr/local/texlive/2016/texmf-dist/tex/latex/base/bk10.clo))
(/usr/local/Cellar/r/4.0.0_1/lib/R/share/texmf/tex/latex/Rd.sty
(/usr/local/texlive/2016/texmf-dist/tex/latex/base/ifthen.sty)
(/usr/local/texlive/2016/texmf-dist/tex/latex/tools/longtable.sty)
(/usr/local/texlive/2016/texmf-dist/tex/latex/tools/bm.sty)
(/usr/local/texlive/2016/texmf-dist/tex/latex/base/alltt.sty)
(/usr/local/texlive/2016/texmf-dist/tex/latex/tools/verbatim.sty)
(/usr/local/texlive/2016/texmf-dist/tex/latex/url/url.sty)
(/usr/local/texlive/2016/texmf-dist/tex/latex/base/textcomp.sty
(/usr/local/texlive/2016/texmf-dist/tex/latex/base/ts1enc.def))
(/usr/local/texlive/2016/texmf-dist/tex/latex/base/fontenc.sty
(/usr/local/texlive/2016/texmf-dist/tex/latex/base/t1enc.def))
(/usr/local/texlive/2016/texmf-dist/tex/latex/psnfss/times.sty)
(/usr/local/texlive/2016/texmf-dist/tex/latex/inconsolata/zi4.sty
`inconsolata-zi4' v1.10, 2016/02/22 Text macros for Inconsolata (msharpe)
(/usr/local/texlive/2016/texmf-dist/tex/latex/graphics/keyval.sty))
(/usr/local/texlive/2016/texmf-dist/tex/latex/graphics/color.sty
(/usr/local/texlive/2016/texmf-dist/tex/latex/graphics-cfg/color.cfg)
(/usr/local/texlive/2016/texmf-dist/tex/latex/pdftex-def/pdftex.def
(/usr/local/texlive/2016/texmf-dist/tex/generic/oberdiek/infwarerr.sty)
(/usr/local/texlive/2016/texmf-dist/tex/generic/oberdiek/ltxcmds.sty)))
(/usr/local/texlive/2016/texmf-dist/tex/latex/hyperref/hyperref.sty
(/usr/local/texlive/2016/texmf-dist/tex/generic/oberdiek/hobsub-hyperref.sty
(/usr/local/texlive/2016/texmf-dist/tex/generic/oberdiek/hobsub-generic.sty))
(/usr/local/texlive/2016/texmf-dist/tex/generic/ifxetex/ifxetex.sty)
(/usr/local/texlive/2016/texmf-dist/tex/latex/oberdiek/auxhook.sty)
(/usr/local/texlive/2016/texmf-dist/tex/latex/oberdiek/kvoptions.sty)
(/usr/local/texlive/2016/texmf-dist/tex/latex/hyperref/pd1enc.def)
(/usr/local/texlive/2016/texmf-dist/tex/latex/latexconfig/hyperref.cfg))

Package hyperref Message: Driver (autodetected): hpdftex.

(/usr/local/texlive/2016/texmf-dist/tex/latex/hyperref/hpdftex.def
(/usr/local/texlive/2016/texmf-dist/tex/latex/oberdiek/rerunfilecheck.sty))

Package hyperref Warning: Option `hyperindex' has already been used,
(hyperref)                setting the option has no effect on input line 377.


Package hyperref Warning: Option `pagebackref' has already been used,
(hyperref)                setting the option has no effect on input line 377.

) (/usr/local/texlive/2016/texmf-dist/tex/latex/base/makeidx.sty)
(/usr/local/texlive/2016/texmf-dist/tex/latex/base/inputenc.sty
(/usr/local/texlive/2016/texmf-dist/tex/latex/base/utf8.def
(/usr/local/texlive/2016/texmf-dist/tex/latex/base/t1enc.dfu)
(/usr/local/texlive/2016/texmf-dist/tex/latex/base/ot1enc.dfu)
(/usr/local/texlive/2016/texmf-dist/tex/latex/base/omsenc.dfu)
(/usr/local/texlive/2016/texmf-dist/tex/latex/base/ts1enc.dfu)))
Writing index file Rd2.idx
(./Rd2.aux) (/usr/local/texlive/2016/texmf-dist/tex/latex/base/ts1cmr.fd)
(/usr/local/texlive/2016/texmf-dist/tex/latex/psnfss/t1ptm.fd)
(/usr/local/texlive/2016/texmf-dist/tex/context/base/mkii/supp-pdf.mkii
[Loading MPS to PDF converter (version 2006.09.02).]
) (/usr/local/texlive/2016/texmf-dist/tex/latex/hyperref/nameref.sty
(/usr/local/texlive/2016/texmf-dist/tex/generic/oberdiek/gettitlestring.sty))
(./Rd2.out) (./Rd2.out)
(/usr/local/texlive/2016/texmf-dist/tex/latex/base/utf8.def)
(/usr/local/texlive/2016/texmf-dist/tex/latex/psnfss/ts1ptm.fd)
(/usr/local/texlive/2016/texmf-dist/tex/latex/inconsolata/t1zi4.fd)
(/usr/local/texlive/2016/texmf-dist/tex/latex/psnfss/t1phv.fd) (./Rd2.toc)
(/usr/local/texlive/2016/texmf-dist/tex/latex/base/utf8.def) [1{/usr/local/texl
ive/2016/texmf-var/fonts/map/pdftex/updmap/pdftex.map}]
Overfull \hbox (17.18878pt too wide) in paragraph at lines 67--71
[]\T1/ptm/m/n/10 Set of aes-thetic map-pings cre-ated by [][]\T1/zi4/m/n/10 aes
()[][][] \T1/ptm/m/n/10 or [][]\T1/zi4/m/n/10 aes_()[][][]\T1/ptm/m/n/10 . If s
pec-i-fied and \T1/zi4/m/n/10 inherit.aes

Overfull \hbox (4.73708pt too wide) in paragraph at lines 99--100
\T1/ptm/m/n/10 quires that one of the aes-thet-ics is a fac-tor. (see gg-beeswa
rm::position_beeswarm) 
[2]
Overfull \hbox (20.58096pt too wide) in paragraph at lines 133--133
 []\T1/zi4/m/n/9 ggplot(mtcars) + geom_beeswarm_rast(aes(x = factor(cyl), y = m
pg), raster.dpi = 600, cex = 1.5)[] 
(/usr/local/texlive/2016/texmf-dist/tex/latex/base/utf8.def) [3]
Overfull \hbox (17.18878pt too wide) in paragraph at lines 167--171
[]\T1/ptm/m/n/10 Set of aes-thetic map-pings cre-ated by [][]\T1/zi4/m/n/10 aes
()[][][] \T1/ptm/m/n/10 or [][]\T1/zi4/m/n/10 aes_()[][][]\T1/ptm/m/n/10 . If s
pec-i-fied and \T1/zi4/m/n/10 inherit.aes

Overfull \hbox (9.52937pt too wide) in paragraph at lines 187--189
[]\T1/ptm/m/n/10 Use to over-ride the de-fault con-nec-tion be-tween \T1/zi4/m/
n/10 geom_boxplot \T1/ptm/m/n/10 and \T1/zi4/m/n/10 stat_boxplot\T1/ptm/m/n/10 
. 
[4]
Overfull \hbox (46.68094pt too wide) in paragraph at lines 262--262
 []\T1/zi4/m/n/9 ggplot() + geom_boxplot_jitter(aes(y=yvalues, x=xvalues), outl
ier.jitter.width = 0.1, raster = TRUE)[] 
(/usr/local/texlive/2016/texmf-dist/tex/latex/base/utf8.def) [5]
Overfull \hbox (17.18878pt too wide) in paragraph at lines 293--297
[]\T1/ptm/m/n/10 Set of aes-thetic map-pings cre-ated by [][]\T1/zi4/m/n/10 aes
()[][][] \T1/ptm/m/n/10 or [][]\T1/zi4/m/n/10 aes_()[][][]\T1/ptm/m/n/10 . If s
pec-i-fied and \T1/zi4/m/n/10 inherit.aes
[6] (/usr/local/texlive/2016/texmf-dist/tex/latex/base/utf8.def)
Overfull \hbox (17.18878pt too wide) in paragraph at lines 411--415
[]\T1/ptm/m/n/10 Set of aes-thetic map-pings cre-ated by [][]\T1/zi4/m/n/10 aes
()[][][] \T1/ptm/m/n/10 or [][]\T1/zi4/m/n/10 aes_()[][][]\T1/ptm/m/n/10 . If s
pec-i-fied and \T1/zi4/m/n/10 inherit.aes
[7] [8] (/usr/local/texlive/2016/texmf-dist/tex/latex/base/utf8.def)
Overfull \hbox (17.18878pt too wide) in paragraph at lines 537--541
[]\T1/ptm/m/n/10 Set of aes-thetic map-pings cre-ated by [][]\T1/zi4/m/n/10 aes
()[][][] \T1/ptm/m/n/10 or [][]\T1/zi4/m/n/10 aes_()[][][]\T1/ptm/m/n/10 . If s
pec-i-fied and \T1/zi4/m/n/10 inherit.aes
[9] [10] (/usr/local/texlive/2016/texmf-dist/tex/latex/base/utf8.def)
Overfull \hbox (25.08093pt too wide) in paragraph at lines 652--652
 []\T1/zi4/m/n/9 ggplot() + geom_point(aes(x=data, y=data, color=colors)) + the
me_pdf(FALSE, legend.pos=c(1, 1))[] 
(./Rd2.ind [11] [12]) (./Rd2.aux)

Package rerunfilecheck Warning: File `Rd2.out' has changed.
(rerunfilecheck)                Rerun to get outlines right
(rerunfilecheck)                or use package `bookmark'.

 )
(see the transcript file for additional information)pdfTeX warning (dest): name
{Rfn.geom.Rul.tile} has been referenced but does not exist, replaced by a fixed
 one

pdfTeX warning (dest): name{Rfn.coord.Rul.flip} has been referenced but does no
t exist, replaced by a fixed one

pdfTeX warning (dest): name{Rfn.geom.Rul.quasirandom} has been referenced but d
oes not exist, replaced by a fixed one

pdfTeX warning (dest): name{Rfn.geom.Rul.point} has been referenced but does no
t exist, replaced by a fixed one

pdfTeX warning (dest): name{Rfn.geom.Rul.boxplot} has been referenced but does 
not exist, replaced by a fixed one

pdfTeX warning (dest): name{Rfn.borders\(\)} has been referenced but does not e
xist, replaced by a fixed one

pdfTeX warning (dest): name{Rfn.layer\(\)} has been referenced but does not exi
st, replaced by a fixed one

pdfTeX warning (dest): name{Rfn.fortify\(\)} has been referenced but does not e
xist, replaced by a fixed one

pdfTeX warning (dest): name{Rfn.ggplot\(\)} has been referenced but does not ex
ist, replaced by a fixed one

pdfTeX warning (dest): name{Rfn.aes.Rul.\(\)} has been referenced but does not 
exist, replaced by a fixed one

pdfTeX warning (dest): name{Rfn.aes\(\)} has been referenced but does not exist
, replaced by a fixed one

pdfTeX warning (dest): name{Rfn.geom.Rul.beeswarm} has been referenced but does
 not exist, replaced by a fixed one

{/usr/local/texlive/2016/texmf-dist/fonts/enc/dvips/base/8r.enc}{/usr/local/tex
live/2016/texmf-dist/fonts/enc/dvips/inconsolata/i4-t1-0.enc}</usr/local/texliv
e/2016/texmf-dist/fonts/type1/public/inconsolata/Inconsolata-zi4r.pfb></usr/loc
al/texlive/2016/texmf-dist/fonts/type1/urw/helvetic/uhvr8a.pfb></usr/local/texl
ive/2016/texmf-dist/fonts/type1/urw/times/utmb8a.pfb></usr/local/texlive/2016/t
exmf-dist/fonts/type1/urw/times/utmbi8a.pfb></usr/local/texlive/2016/texmf-dist
/fonts/type1/urw/times/utmr8a.pfb></usr/local/texlive/2016/texmf-dist/fonts/typ
e1/urw/times/utmr8a.pfb></usr/local/texlive/2016/texmf-dist/fonts/type1/urw/tim
es/utmri8a.pfb>
Output written on Rd2.pdf (12 pages, 110626 bytes).
Transcript written on Rd2.log.
This is makeindex, version 2.15 [TeX Live 2016] (kpathsea + Thai support).
Scanning input file ./Rd2.idx....done (47 entries accepted, 0 rejected).
Sorting entries....done (288 comparisons).
Generating output file ./Rd2.ind....done (60 lines written, 0 warnings).
Output written in ./Rd2.ind.
Transcript written in ./Rd2.ilg.
This is pdfTeX, Version 3.14159265-2.6-1.40.17 (TeX Live 2016) (preloaded format=pdflatex)
 restricted \write18 enabled.
entering extended mode

(/private/var/folders/t7/qvfkrtw91jl5v0sx7smfs1400000gn/T/RtmpJsSUJV/Rd2pdf1189
a52835db9/Rd2.tex
LaTeX2e <2016/03/31>
Babel <3.9r> and hyphenation patterns for 83 language(s) loaded.

(/usr/local/texlive/2016/texmf-dist/tex/latex/base/book.cls
Document Class: book 2014/09/29 v1.4h Standard LaTeX document class
(/usr/local/texlive/2016/texmf-dist/tex/latex/base/bk10.clo))
(/usr/local/Cellar/r/4.0.0_1/lib/R/share/texmf/tex/latex/Rd.sty
(/usr/local/texlive/2016/texmf-dist/tex/latex/base/ifthen.sty)
(/usr/local/texlive/2016/texmf-dist/tex/latex/tools/longtable.sty)
(/usr/local/texlive/2016/texmf-dist/tex/latex/tools/bm.sty)
(/usr/local/texlive/2016/texmf-dist/tex/latex/base/alltt.sty)
(/usr/local/texlive/2016/texmf-dist/tex/latex/tools/verbatim.sty)
(/usr/local/texlive/2016/texmf-dist/tex/latex/url/url.sty)
(/usr/local/texlive/2016/texmf-dist/tex/latex/base/textcomp.sty
(/usr/local/texlive/2016/texmf-dist/tex/latex/base/ts1enc.def))
(/usr/local/texlive/2016/texmf-dist/tex/latex/base/fontenc.sty
(/usr/local/texlive/2016/texmf-dist/tex/latex/base/t1enc.def))
(/usr/local/texlive/2016/texmf-dist/tex/latex/psnfss/times.sty)
(/usr/local/texlive/2016/texmf-dist/tex/latex/inconsolata/zi4.sty
`inconsolata-zi4' v1.10, 2016/02/22 Text macros for Inconsolata (msharpe)
(/usr/local/texlive/2016/texmf-dist/tex/latex/graphics/keyval.sty))
(/usr/local/texlive/2016/texmf-dist/tex/latex/graphics/color.sty
(/usr/local/texlive/2016/texmf-dist/tex/latex/graphics-cfg/color.cfg)
(/usr/local/texlive/2016/texmf-dist/tex/latex/pdftex-def/pdftex.def
(/usr/local/texlive/2016/texmf-dist/tex/generic/oberdiek/infwarerr.sty)
(/usr/local/texlive/2016/texmf-dist/tex/generic/oberdiek/ltxcmds.sty)))
(/usr/local/texlive/2016/texmf-dist/tex/latex/hyperref/hyperref.sty
(/usr/local/texlive/2016/texmf-dist/tex/generic/oberdiek/hobsub-hyperref.sty
(/usr/local/texlive/2016/texmf-dist/tex/generic/oberdiek/hobsub-generic.sty))
(/usr/local/texlive/2016/texmf-dist/tex/generic/ifxetex/ifxetex.sty)
(/usr/local/texlive/2016/texmf-dist/tex/latex/oberdiek/auxhook.sty)
(/usr/local/texlive/2016/texmf-dist/tex/latex/oberdiek/kvoptions.sty)
(/usr/local/texlive/2016/texmf-dist/tex/latex/hyperref/pd1enc.def)
(/usr/local/texlive/2016/texmf-dist/tex/latex/latexconfig/hyperref.cfg))

Package hyperref Message: Driver (autodetected): hpdftex.

(/usr/local/texlive/2016/texmf-dist/tex/latex/hyperref/hpdftex.def
(/usr/local/texlive/2016/texmf-dist/tex/latex/oberdiek/rerunfilecheck.sty))

Package hyperref Warning: Option `hyperindex' has already been used,
(hyperref)                setting the option has no effect on input line 377.


Package hyperref Warning: Option `pagebackref' has already been used,
(hyperref)                setting the option has no effect on input line 377.

) (/usr/local/texlive/2016/texmf-dist/tex/latex/base/makeidx.sty)
(/usr/local/texlive/2016/texmf-dist/tex/latex/base/inputenc.sty
(/usr/local/texlive/2016/texmf-dist/tex/latex/base/utf8.def
(/usr/local/texlive/2016/texmf-dist/tex/latex/base/t1enc.dfu)
(/usr/local/texlive/2016/texmf-dist/tex/latex/base/ot1enc.dfu)
(/usr/local/texlive/2016/texmf-dist/tex/latex/base/omsenc.dfu)
(/usr/local/texlive/2016/texmf-dist/tex/latex/base/ts1enc.dfu)))
Writing index file Rd2.idx
(./Rd2.aux) (/usr/local/texlive/2016/texmf-dist/tex/latex/base/ts1cmr.fd)
(/usr/local/texlive/2016/texmf-dist/tex/latex/psnfss/t1ptm.fd)
(/usr/local/texlive/2016/texmf-dist/tex/context/base/mkii/supp-pdf.mkii
[Loading MPS to PDF converter (version 2006.09.02).]
) (/usr/local/texlive/2016/texmf-dist/tex/latex/hyperref/nameref.sty
(/usr/local/texlive/2016/texmf-dist/tex/generic/oberdiek/gettitlestring.sty))
(./Rd2.out) (./Rd2.out)
(/usr/local/texlive/2016/texmf-dist/tex/latex/base/utf8.def)
(/usr/local/texlive/2016/texmf-dist/tex/latex/psnfss/ts1ptm.fd)
(/usr/local/texlive/2016/texmf-dist/tex/latex/inconsolata/t1zi4.fd)
(/usr/local/texlive/2016/texmf-dist/tex/latex/psnfss/t1phv.fd) (./Rd2.toc)
(/usr/local/texlive/2016/texmf-dist/tex/latex/base/utf8.def) [1{/usr/local/texl
ive/2016/texmf-var/fonts/map/pdftex/updmap/pdftex.map}]
Overfull \hbox (17.18878pt too wide) in paragraph at lines 67--71
[]\T1/ptm/m/n/10 Set of aes-thetic map-pings cre-ated by [][]\T1/zi4/m/n/10 aes
()[][][] \T1/ptm/m/n/10 or [][]\T1/zi4/m/n/10 aes_()[][][]\T1/ptm/m/n/10 . If s
pec-i-fied and \T1/zi4/m/n/10 inherit.aes

Overfull \hbox (4.73708pt too wide) in paragraph at lines 99--100
\T1/ptm/m/n/10 quires that one of the aes-thet-ics is a fac-tor. (see gg-beeswa
rm::position_beeswarm) 
[2]
Overfull \hbox (20.58096pt too wide) in paragraph at lines 133--133
 []\T1/zi4/m/n/9 ggplot(mtcars) + geom_beeswarm_rast(aes(x = factor(cyl), y = m
pg), raster.dpi = 600, cex = 1.5)[] 
(/usr/local/texlive/2016/texmf-dist/tex/latex/base/utf8.def) [3]
Overfull \hbox (17.18878pt too wide) in paragraph at lines 167--171
[]\T1/ptm/m/n/10 Set of aes-thetic map-pings cre-ated by [][]\T1/zi4/m/n/10 aes
()[][][] \T1/ptm/m/n/10 or [][]\T1/zi4/m/n/10 aes_()[][][]\T1/ptm/m/n/10 . If s
pec-i-fied and \T1/zi4/m/n/10 inherit.aes

Overfull \hbox (9.52937pt too wide) in paragraph at lines 187--189
[]\T1/ptm/m/n/10 Use to over-ride the de-fault con-nec-tion be-tween \T1/zi4/m/
n/10 geom_boxplot \T1/ptm/m/n/10 and \T1/zi4/m/n/10 stat_boxplot\T1/ptm/m/n/10 
. 
[4]
Overfull \hbox (46.68094pt too wide) in paragraph at lines 262--262
 []\T1/zi4/m/n/9 ggplot() + geom_boxplot_jitter(aes(y=yvalues, x=xvalues), outl
ier.jitter.width = 0.1, raster = TRUE)[] 
(/usr/local/texlive/2016/texmf-dist/tex/latex/base/utf8.def) [5]
Overfull \hbox (17.18878pt too wide) in paragraph at lines 293--297
[]\T1/ptm/m/n/10 Set of aes-thetic map-pings cre-ated by [][]\T1/zi4/m/n/10 aes
()[][][] \T1/ptm/m/n/10 or [][]\T1/zi4/m/n/10 aes_()[][][]\T1/ptm/m/n/10 . If s
pec-i-fied and \T1/zi4/m/n/10 inherit.aes
[6] (/usr/local/texlive/2016/texmf-dist/tex/latex/base/utf8.def)
Overfull \hbox (17.18878pt too wide) in paragraph at lines 411--415
[]\T1/ptm/m/n/10 Set of aes-thetic map-pings cre-ated by [][]\T1/zi4/m/n/10 aes
()[][][] \T1/ptm/m/n/10 or [][]\T1/zi4/m/n/10 aes_()[][][]\T1/ptm/m/n/10 . If s
pec-i-fied and \T1/zi4/m/n/10 inherit.aes
[7] [8] (/usr/local/texlive/2016/texmf-dist/tex/latex/base/utf8.def)
Overfull \hbox (17.18878pt too wide) in paragraph at lines 537--541
[]\T1/ptm/m/n/10 Set of aes-thetic map-pings cre-ated by [][]\T1/zi4/m/n/10 aes
()[][][] \T1/ptm/m/n/10 or [][]\T1/zi4/m/n/10 aes_()[][][]\T1/ptm/m/n/10 . If s
pec-i-fied and \T1/zi4/m/n/10 inherit.aes
[9] [10] (/usr/local/texlive/2016/texmf-dist/tex/latex/base/utf8.def)
Overfull \hbox (25.08093pt too wide) in paragraph at lines 652--652
 []\T1/zi4/m/n/9 ggplot() + geom_point(aes(x=data, y=data, color=colors)) + the
me_pdf(FALSE, legend.pos=c(1, 1))[] 
(./Rd2.ind [11] [12]) (./Rd2.aux) )
(see the transcript file for additional information)pdfTeX warning (dest): name
{Rfn.geom.Rul.tile} has been referenced but does not exist, replaced by a fixed
 one

pdfTeX warning (dest): name{Rfn.coord.Rul.flip} has been referenced but does no
t exist, replaced by a fixed one

pdfTeX warning (dest): name{Rfn.geom.Rul.quasirandom} has been referenced but d
oes not exist, replaced by a fixed one

pdfTeX warning (dest): name{Rfn.geom.Rul.point} has been referenced but does no
t exist, replaced by a fixed one

pdfTeX warning (dest): name{Rfn.geom.Rul.boxplot} has been referenced but does 
not exist, replaced by a fixed one

pdfTeX warning (dest): name{Rfn.borders\(\)} has been referenced but does not e
xist, replaced by a fixed one

pdfTeX warning (dest): name{Rfn.layer\(\)} has been referenced but does not exi
st, replaced by a fixed one

pdfTeX warning (dest): name{Rfn.fortify\(\)} has been referenced but does not e
xist, replaced by a fixed one

pdfTeX warning (dest): name{Rfn.ggplot\(\)} has been referenced but does not ex
ist, replaced by a fixed one

pdfTeX warning (dest): name{Rfn.aes.Rul.\(\)} has been referenced but does not 
exist, replaced by a fixed one

pdfTeX warning (dest): name{Rfn.aes\(\)} has been referenced but does not exist
, replaced by a fixed one

pdfTeX warning (dest): name{Rfn.geom.Rul.beeswarm} has been referenced but does
 not exist, replaced by a fixed one

{/usr/local/texlive/2016/texmf-dist/fonts/enc/dvips/base/8r.enc}{/usr/local/tex
live/2016/texmf-dist/fonts/enc/dvips/inconsolata/i4-t1-0.enc}</usr/local/texliv
e/2016/texmf-dist/fonts/type1/public/inconsolata/Inconsolata-zi4r.pfb></usr/loc
al/texlive/2016/texmf-dist/fonts/type1/urw/helvetic/uhvr8a.pfb></usr/local/texl
ive/2016/texmf-dist/fonts/type1/urw/times/utmb8a.pfb></usr/local/texlive/2016/t
exmf-dist/fonts/type1/urw/times/utmbi8a.pfb></usr/local/texlive/2016/texmf-dist
/fonts/type1/urw/times/utmr8a.pfb></usr/local/texlive/2016/texmf-dist/fonts/typ
e1/urw/times/utmr8a.pfb></usr/local/texlive/2016/texmf-dist/fonts/type1/urw/tim
es/utmri8a.pfb>
Output written on Rd2.pdf (12 pages, 110901 bytes).
Transcript written on Rd2.log.
Saving output to ‘ggrastr-manual.pdf’ ...
Done
You may want to clean up by 'rm -Rf /var/folders/t7/qvfkrtw91jl5v0sx7smfs1400000gn/T//RtmpJsSUJV/Rd2pdf1189a52835db9'
